npm verbose cli C:\Users\LENOVO\kenya-civic-app\node-portable\node-v24.15.0-win-x64\node.exe C:\Users\LENOVO\kenya-civic-app\node-portable\node-v24.15.0-win-x64\node_modules\npm\bin\npm-cli.js
npm info using npm@11.12.1
npm info using node@v24.15.0
npm verbose title npm install
npm verbose argv "install" "--loglevel" "verbose"
npm verbose logfile logs-max:10 dir:C:\Users\LENOVO\AppData\Local\npm-cache\_logs\2026-05-16T04_08_36_381Z-
npm verbose logfile C:\Users\LENOVO\AppData\Local\npm-cache\_logs\2026-05-16T04_08_36_381Z-debug-0.log
npm http fetch GET 200 https://registry.npmjs.org/@tailwindcss%2fforms 1773ms (cache revalidated)
npm http fetch GET 200 https://registry.npmjs.org/tailwindcss 869ms (cache revalidated)
npm http fetch GET 200 https://registry.npmjs.org/bcryptjs 848ms (cache revalidated)
npm http fetch GET 200 https://registry.npmjs.org/clsx 202ms (cache revalidated)
npm http fetch GET 200 https://registry.npmjs.org/date-fns 323ms (cache revalidated)
npm http fetch GET 200 https://registry.npmjs.org/mongodb 604ms (cache revalidated)
npm http fetch GET 200 https://registry.npmjs.org/@aws-sdk%2fcredential-providers 1266ms (cache revalidated)
npm http fetch GET 200 https://registry.npmjs.org/@mongodb-js%2fzstd 1183ms (cache revalidated)
npm http fetch GET 200 https://registry.npmjs.org/gcp-metadata 787ms (cache revalidated)
npm http fetch GET 200 https://registry.npmjs.org/kerberos 620ms (cache revalidated)
npm http fetch GET 200 https://registry.npmjs.org/mongodb-client-encryption 993ms (cache revalidated)
npm http fetch GET 200 https://registry.npmjs.org/snappy 1624ms (cache revalidated)
npm http fetch GET 200 https://registry.npmjs.org/socks 547ms (cache revalidated)
npm http fetch GET 200 https://registry.npmjs.org/mongoose 597ms (cache revalidated)
npm http fetch GET 200 https://registry.npmjs.org/next 1017ms (cache revalidated)
npm http fetch GET 200 https://registry.npmjs.org/@opentelemetry%2fapi 259ms (cache revalidated)
npm http fetch GET 200 https://registry.npmjs.org/@playwright%2ftest 1247ms (cache revalidated)
npm http fetch GET 200 https://registry.npmjs.org/react 239ms (cache revalidated)
npm http fetch GET 200 https://registry.npmjs.org/react-dom 282ms (cache revalidated)
npm http fetch GET 200 https://registry.npmjs.org/sass 324ms (cache revalidated)
npm http fetch GET 200 https://registry.npmjs.org/next-auth 661ms (cache revalidated)
npm http fetch GET 200 https://registry.npmjs.org/react-icons 1077ms (cache revalidated)
npm http fetch GET 200 https://registry.npmjs.org/formidable 978ms (cache revalidated)
npm http fetch GET 200 https://registry.npmjs.org/@types%2fnode 656ms (cache revalidated)
npm http fetch GET 200 https://registry.npmjs.org/@types%2freact 571ms (cache revalidated)
npm http fetch GET 200 https://registry.npmjs.org/@types%2freact-dom 208ms (cache revalidated)
npm http fetch GET 200 https://registry.npmjs.org/autoprefixer 540ms (cache revalidated)
npm http fetch GET 200 https://registry.npmjs.org/postcss 425ms (cache revalidated)
npm http fetch GET 200 https://registry.npmjs.org/eslint 211ms (cache revalidated)
npm http fetch GET 200 https://registry.npmjs.org/eslint-config-next 676ms (cache revalidated)
npm http fetch GET 200 https://registry.npmjs.org/typescript 872ms (cache revalidated)
npm http fetch GET 200 https://registry.npmjs.org/arg 487ms (cache revalidated)
npm http fetch GET 200 https://registry.npmjs.org/jiti 434ms (cache revalidated)
npm http fetch GET 200 https://registry.npmjs.org/mini-svg-data-uri 1751ms (cache revalidated)
npm http fetch GET 200 https://registry.npmjs.org/dlv 1765ms (cache revalidated)
npm http fetch GET 200 https://registry.npmjs.org/is-glob 874ms (cache revalidated)
npm http fetch GET 200 https://registry.npmjs.org/sucrase 544ms (cache revalidated)
npm http fetch GET 200 https://registry.npmjs.org/resolve 590ms (cache revalidated)
npm http fetch GET 200 https://registry.npmjs.org/chokidar 657ms (cache revalidated)
npm http fetch GET 200 https://registry.npmjs.org/lilconfig 525ms (cache revalidated)
npm http fetch GET 200 https://registry.npmjs.org/fast-glob 556ms (cache revalidated)
npm http fetch GET 200 https://registry.npmjs.org/didyoumean 494ms (cache revalidated)
npm http fetch GET 200 https://registry.npmjs.org/picocolors 185ms (cache revalidated)
npm http fetch GET 200 https://registry.npmjs.org/micromatch 248ms (cache revalidated)
npm http fetch GET 200 https://registry.npmjs.org/glob-parent 214ms (cache revalidated)
npm http fetch GET 200 https://registry.npmjs.org/normalize-path 215ms (cache revalidated)
npm http fetch GET 200 https://registry.npmjs.org/postcss-js 576ms (cache revalidated)
npm http fetch GET 200 https://registry.npmjs.org/object-hash 549ms (cache revalidated)
npm http fetch GET 200 https://registry.npmjs.org/postcss-import 598ms (cache revalidated)
npm http fetch GET 200 https://registry.npmjs.org/postcss-nested 602ms (cache revalidated)
npm http fetch GET 200 https://registry.npmjs.org/postcss-load-config 491ms (cache revalidated)
npm http fetch GET 200 https://registry.npmjs.org/postcss-selector-parser 566ms (cache revalidated)
npm http fetch GET 200 https://registry.npmjs.org/@alloc%2fquick-lru 1136ms (cache revalidated)
npm http fetch GET 200 https://registry.npmjs.org/undici-types 225ms (cache revalidated)
npm http fetch GET 200 https://registry.npmjs.org/csstype 309ms (cache revalidated)
npm http fetch GET 200 https://registry.npmjs.org/browserslist 383ms (cache revalidated)
npm http fetch GET 200 https://registry.npmjs.org/caniuse-lite 460ms (cache revalidated)
npm http fetch GET 200 https://registry.npmjs.org/fraction.js 645ms (cache revalidated)
npm http fetch GET 200 https://registry.npmjs.org/@types%2fprop-types 1213ms (cache miss)
npm http fetch GET 200 https://registry.npmjs.org/nanoid 286ms (cache revalidated)
npm http fetch GET 200 https://registry.npmjs.org/postcss-value-parser 552ms (cache revalidated)
npm http fetch GET 200 https://registry.npmjs.org/source-map-js 267ms (cache revalidated)
npm http fetch GET 200 https://registry.npmjs.org/ajv 252ms (cache revalidated)
npm http fetch GET 200 https://registry.npmjs.org/chalk 205ms (cache revalidated)
npm http fetch GET 200 https://registry.npmjs.org/@babel%2fruntime 652ms (cache revalidated)
npm http fetch GET 200 https://registry.npmjs.org/levn 882ms (cache revalidated)
npm http fetch GET 200 https://registry.npmjs.org/debug 527ms (cache revalidated)
npm http fetch GET 200 https://registry.npmjs.org/ignore 210ms (cache revalidated)
npm http fetch GET 200 https://registry.npmjs.org/esquery 175ms (cache revalidated)
npm http fetch GET 200 https://registry.npmjs.org/find-up 181ms (cache revalidated)
npm http fetch GET 200 https://registry.npmjs.org/espree 586ms (cache revalidated)
npm http fetch GET 200 https://registry.npmjs.org/globals 272ms (cache revalidated)
npm http fetch GET 200 https://registry.npmjs.org/js-yaml 335ms (cache revalidated)
npm http fetch GET 200 https://registry.npmjs.org/esutils 827ms (cache revalidated)
npm http fetch GET 200 https://registry.npmjs.org/minimatch 556ms (cache revalidated)
npm http fetch GET 200 https://registry.npmjs.org/doctrine 852ms (cache revalidated)
npm http fetch GET 200 https://registry.npmjs.org/graphemer 887ms (cache revalidated)
npm http fetch GET 200 https://registry.npmjs.org/strip-ansi 365ms (cache revalidated)
npm http fetch GET 200 https://registry.npmjs.org/optionator 711ms (cache revalidated)
npm http fetch GET 200 https://registry.npmjs.org/@eslint%2fjs 837ms (cache revalidated)
npm http fetch GET 200 https://registry.npmjs.org/cross-spawn 251ms (cache revalidated)
npm http fetch GET 200 https://registry.npmjs.org/text-table 536ms (cache revalidated)
npm http fetch GET 200 https://registry.npmjs.org/imurmurhash 242ms (cache revalidated)
npm http fetch GET 200 https://registry.npmjs.org/eslint-scope 207ms (cache revalidated)
npm http fetch GET 200 https://registry.npmjs.org/fast-deep-equal 356ms (cache revalidated)
npm http fetch GET 200 https://registry.npmjs.org/is-path-inside 661ms (cache revalidated)
npm http fetch GET 200 https://registry.npmjs.org/lodash.merge 1396ms (cache revalidated)
npm http fetch GET 200 https://registry.npmjs.org/natural-compare 902ms (cache revalidated)
npm http fetch GET 200 https://registry.npmjs.org/@eslint%2feslintrc 1342ms (cache revalidated)
npm http fetch GET 200 https://registry.npmjs.org/file-entry-cache 1029ms (cache revalidated)
npm http fetch GET 200 https://registry.npmjs.org/@nodelib%2ffs.walk 1236ms (cache revalidated)
npm http fetch GET 200 https://registry.npmjs.org/eslint-visitor-keys 643ms (cache revalidated)
npm http fetch GET 200 https://registry.npmjs.org/escape-string-regexp 394ms (cache revalidated)
npm http fetch GET 200 https://registry.npmjs.org/@ungap%2fstructured-clone 597ms (cache revalidated)
npm http fetch GET 200 https://registry.npmjs.org/@eslint-community%2fregexpp 566ms (cache revalidated)
npm http fetch GET 200 https://registry.npmjs.org/@eslint-community%2feslint-utils 463ms (cache revalidated)
npm http fetch GET 200 https://registry.npmjs.org/@humanwhocodes%2fmodule-importer 572ms (cache revalidated)
npm http fetch GET 200 https://registry.npmjs.org/json-stable-stringify-without-jsonify 295ms (cache revalidated)
npm http fetch GET 200 https://registry.npmjs.org/eslint-plugin-react 190ms (cache revalidated)
npm http fetch GET 200 https://registry.npmjs.org/@humanwhocodes%2fconfig-array 1442ms (cache revalidated)
npm http fetch GET 200 https://registry.npmjs.org/eslint-plugin-jsx-a11y 263ms (cache revalidated)
npm http fetch GET 200 https://registry.npmjs.org/eslint-plugin-import 383ms (cache revalidated)
npm http fetch GET 200 https://registry.npmjs.org/@next%2feslint-plugin-next 628ms (cache revalidated)
npm http fetch GET 200 https://registry.npmjs.org/@rushstack%2feslint-patch 1881ms (cache revalidated)
npm http fetch GET 200 https://registry.npmjs.org/@typescript-eslint%2fparser 2704ms (cache revalidated)
npm http fetch GET 200 https://registry.npmjs.org/eslint-plugin-react-hooks 6368ms (cache revalidated)
npm http fetch GET 200 https://registry.npmjs.org/eslint-import-resolver-node 7927ms (cache revalidated)
npm http fetch GET 200 https://registry.npmjs.org/eslint-import-resolver-typescript 2722ms (cache revalidated)
npm http fetch GET 200 https://registry.npmjs.org/once 501ms (cache revalidated)
npm http fetch GET 200 https://registry.npmjs.org/dezalgo 540ms (cache revalidated)
npm http fetch GET 200 https://registry.npmjs.org/bson 503ms (cache revalidated)
npm http fetch GET 200 https://registry.npmjs.org/@paralleldrive%2fcuid2 1023ms (cache revalidated)
npm http fetch GET 200 https://registry.npmjs.org/mongodb-connection-string-url 507ms (cache revalidated)
npm http cache https://registry.npmjs.org/mongodb 81ms (cache hit)
npm http fetch GET 200 https://registry.npmjs.org/@mongodb-js%2fsaslprep 1019ms (cache revalidated)
npm http fetch GET 200 https://registry.npmjs.org/kareem 512ms (cache revalidated)
npm http fetch GET 200 https://registry.npmjs.org/ms 171ms (cache revalidated)
npm http fetch GET 200 https://registry.npmjs.org/mpath 454ms (cache revalidated)
npm http fetch GET 200 https://registry.npmjs.org/mquery 499ms (cache revalidated)
npm http fetch GET 200 https://registry.npmjs.org/sift 538ms (cache revalidated)
npm http fetch GET 200 https://registry.npmjs.org/@next%2fenv 318ms (cache revalidated)
npm http fetch GET 200 https://registry.npmjs.org/busboy 707ms (cache revalidated)
npm http fetch GET 200 https://registry.npmjs.org/graceful-fs 202ms (cache revalidated)
npm http fetch GET 200 https://registry.npmjs.org/styled-jsx 523ms (cache revalidated)
npm http fetch GET 200 https://registry.npmjs.org/@swc%2fhelpers 248ms (cache revalidated)
npm http cache https://registry.npmjs.org/caniuse-lite 185ms (cache hit)
npm http fetch GET 200 https://registry.npmjs.org/@next%2fswc-darwin-x64 448ms (cache revalidated)
npm http fetch GET 200 https://registry.npmjs.org/@next%2fswc-darwin-arm64 959ms (cache revalidated)
npm http fetch GET 200 https://registry.npmjs.org/@next%2fswc-linux-x64-gnu 1188ms (cache revalidated)
npm http fetch GET 200 https://registry.npmjs.org/@next%2fswc-linux-x64-musl 1149ms (cache revalidated)
npm http fetch GET 200 https://registry.npmjs.org/@next%2fswc-win32-x64-msvc 1276ms (cache revalidated)
npm http fetch GET 200 https://registry.npmjs.org/@next%2fswc-linux-arm64-gnu 1002ms (cache revalidated)
npm http fetch GET 200 https://registry.npmjs.org/@next%2fswc-win32-arm64-msvc 537ms (cache revalidated)
npm http fetch GET 200 https://registry.npmjs.org/@next%2fswc-linux-arm64-musl 3805ms (cache revalidated)
npm http fetch GET 200 https://registry.npmjs.org/@next%2fswc-win32-ia32-msvc 5156ms (cache revalidated)
npm http fetch GET 200 https://registry.npmjs.org/scheduler 1987ms (cache revalidated)
npm http fetch GET 200 https://registry.npmjs.org/loose-envify 1477ms (cache revalidated)
npm http fetch GET 200 https://registry.npmjs.org/loose-envify 1048ms (cache revalidated)
npm http cache https://registry.npmjs.org/caniuse-lite 125ms (cache hit)
npm http fetch GET 200 https://registry.npmjs.org/baseline-browser-mapping 289ms (cache revalidated)
npm http fetch GET 200 https://registry.npmjs.org/electron-to-chromium 891ms (cache revalidated)
npm http fetch GET 200 https://registry.npmjs.org/node-releases 1564ms (cache revalidated)
npm http fetch GET 200 https://registry.npmjs.org/update-browserslist-db 1628ms (cache revalidated)
npm http fetch GET 200 https://registry.npmjs.org/escalade 322ms (cache revalidated)
npm http cache https://registry.npmjs.org/eslint 178ms (cache hit)
npm http fetch GET 200 https://registry.npmjs.org/strip-json-comments 254ms (cache revalidated)
npm http fetch GET 200 https://registry.npmjs.org/import-fresh 325ms (cache revalidated)
npm http fetch GET 200 https://registry.npmjs.org/fastq 470ms (cache revalidated)
npm http fetch GET 200 https://registry.npmjs.org/uri-js 234ms (cache revalidated)
npm http fetch GET 200 https://registry.npmjs.org/json-schema-traverse 156ms (cache revalidated)
npm http fetch GET 200 https://registry.npmjs.org/@nodelib%2ffs.scandir 971ms (cache revalidated)
npm http fetch GET 200 https://registry.npmjs.org/fast-json-stable-stringify 181ms (cache revalidated)
npm http fetch GET 200 https://registry.npmjs.org/@humanwhocodes%2fobject-schema 1423ms (cache revalidated)
npm http fetch GET 200 https://registry.npmjs.org/supports-color 211ms (cache revalidated)
npm http fetch GET 200 https://registry.npmjs.org/ansi-styles 268ms (cache revalidated)
npm http fetch GET 200 https://registry.npmjs.org/which 178ms (cache revalidated)
npm http fetch GET 200 https://registry.npmjs.org/path-key 270ms (cache revalidated)
npm http fetch GET 200 https://registry.npmjs.org/shebang-command 272ms (cache revalidated)
npm http fetch GET 200 https://registry.npmjs.org/esrecurse 258ms (cache revalidated)
npm http fetch GET 200 https://registry.npmjs.org/estraverse 227ms (cache revalidated)
npm http fetch GET 200 https://registry.npmjs.org/acorn-jsx 236ms (cache revalidated)
npm http fetch GET 200 https://registry.npmjs.org/flat-cache 198ms (cache revalidated)
npm http fetch GET 200 https://registry.npmjs.org/locate-path 192ms (cache revalidated)
npm http fetch GET 200 https://registry.npmjs.org/acorn 567ms (cache revalidated)
npm http fetch GET 200 https://registry.npmjs.org/path-exists 215ms (cache revalidated)
npm http fetch GET 200 https://registry.npmjs.org/type-fest 190ms (cache revalidated)
npm http fetch GET 200 https://registry.npmjs.org/is-extglob 207ms (cache revalidated)
npm http fetch GET 200 https://registry.npmjs.org/argparse 240ms (cache revalidated)
npm http fetch GET 200 https://registry.npmjs.org/prelude-ls 204ms (cache revalidated)
npm http fetch GET 200 https://registry.npmjs.org/type-check 312ms (cache revalidated)
npm http fetch GET 200 https://registry.npmjs.org/brace-expansion 312ms (cache revalidated)
npm http fetch GET 200 https://registry.npmjs.org/deep-is 367ms (cache revalidated)
npm http fetch GET 200 https://registry.npmjs.org/word-wrap 260ms (cache revalidated)
npm http fetch GET 200 https://registry.npmjs.org/fast-levenshtein 287ms (cache revalidated)
npm http fetch GET 200 https://registry.npmjs.org/ansi-regex 554ms (cache revalidated)
npm http fetch GET 200 https://registry.npmjs.org/resolve-from 436ms (cache revalidated)
npm http fetch GET 200 https://registry.npmjs.org/parent-module 441ms (cache revalidated)
npm http fetch GET 200 https://registry.npmjs.org/reusify 713ms (cache revalidated)
npm http fetch GET 200 https://registry.npmjs.org/run-parallel 746ms (cache revalidated)
npm http fetch GET 200 https://registry.npmjs.org/@nodelib%2ffs.stat 1117ms (cache revalidated)
npm http fetch GET 200 https://registry.npmjs.org/queue-microtask 614ms (cache revalidated)
npm http fetch GET 200 https://registry.npmjs.org/punycode 186ms (cache revalidated)
npm http fetch GET 200 https://registry.npmjs.org/color-convert 182ms (cache revalidated)
npm http fetch GET 200 https://registry.npmjs.org/has-flag 565ms (cache revalidated)
npm http fetch GET 200 https://registry.npmjs.org/color-name 182ms (cache revalidated)
npm http fetch GET 200 https://registry.npmjs.org/isexe 213ms (cache revalidated)
npm http fetch GET 200 https://registry.npmjs.org/shebang-regex 222ms (cache revalidated)
npm http cache https://registry.npmjs.org/eslint 57ms (cache hit)
npm http fetch GET 200 https://registry.npmjs.org/eslint-plugin-import-x 229ms (cache revalidated)
npm http fetch GET 200 https://registry.npmjs.org/@typescript-eslint%2futils 643ms (cache revalidated)
npm http cache https://registry.npmjs.org/typescript 366ms (cache hit)
npm http fetch GET 200 https://registry.npmjs.org/glob 589ms (cache revalidated)
npm http fetch GET 200 https://registry.npmjs.org/@typescript-eslint%2ftypes 1387ms (cache revalidated)
npm http fetch GET 200 https://registry.npmjs.org/@typescript-eslint%2fvisitor-keys 2048ms (cache revalidated)
npm http fetch GET 200 https://registry.npmjs.org/@typescript-eslint%2fscope-manager 2030ms (cache revalidated)
npm http fetch GET 200 https://registry.npmjs.org/@typescript-eslint%2ftypescript-estree 2124ms (cache revalidated)
npm http fetch GET 200 https://registry.npmjs.org/is-core-module 1869ms (cache revalidated)
npm http fetch GET 200 https://registry.npmjs.org/tinyglobby 1134ms (cache revalidated)
npm http fetch GET 200 https://registry.npmjs.org/get-tsconfig 184ms (cache revalidated)
npm http fetch GET 200 https://registry.npmjs.org/stable-hash 232ms (cache revalidated)
npm http fetch GET 200 https://registry.npmjs.org/is-bun-module 191ms (cache revalidated)
npm http fetch GET 200 https://registry.npmjs.org/unrs-resolver 217ms (cache revalidated)
npm http fetch GET 200 https://registry.npmjs.org/@rtsao%2fscc 228ms (cache revalidated)
npm http fetch GET 200 https://registry.npmjs.org/array-includes 173ms (cache revalidated)
npm http fetch GET 200 https://registry.npmjs.org/array.prototype.findlastindex 175ms (cache revalidated)
npm http fetch GET 200 https://registry.npmjs.org/@nolyfill%2fis-core-module 493ms (cache revalidated)
npm http fetch GET 200 https://registry.npmjs.org/array.prototype.flat 333ms (cache revalidated)
npm http fetch GET 200 https://registry.npmjs.org/array.prototype.flatmap 354ms (cache revalidated)
npm http fetch GET 200 https://registry.npmjs.org/hasown 201ms (cache revalidated)
npm http fetch GET 200 https://registry.npmjs.org/object.fromentries 176ms (cache revalidated)
npm http fetch GET 200 https://registry.npmjs.org/eslint-module-utils 574ms (cache revalidated)
npm http fetch GET 200 https://registry.npmjs.org/object.groupby 184ms (cache revalidated)
npm http fetch GET 200 https://registry.npmjs.org/object.values 177ms (cache revalidated)
npm http fetch GET 200 https://registry.npmjs.org/semver 193ms (cache revalidated)
npm http fetch GET 200 https://registry.npmjs.org/tsconfig-paths 267ms (cache revalidated)
npm http fetch GET 200 https://registry.npmjs.org/string.prototype.trimend 366ms (cache revalidated)
npm http fetch GET 200 https://registry.npmjs.org/ast-types-flow 216ms (cache revalidated)
npm http fetch GET 200 https://registry.npmjs.org/aria-query 393ms (cache revalidated)
npm http fetch GET 200 https://registry.npmjs.org/axe-core 337ms (cache revalidated)
npm http fetch GET 200 https://registry.npmjs.org/damerau-levenshtein 1022ms (cache revalidated)
npm http fetch GET 200 https://registry.npmjs.org/axobject-query 1056ms (cache revalidated)
npm http fetch GET 200 https://registry.npmjs.org/emoji-regex 239ms (cache revalidated)
npm http fetch GET 200 https://registry.npmjs.org/jsx-ast-utils 281ms (cache revalidated)
npm http fetch GET 200 https://registry.npmjs.org/language-tags 284ms (cache revalidated)
npm http fetch GET 200 https://registry.npmjs.org/safe-regex-test 282ms (cache revalidated)
npm http fetch GET 200 https://registry.npmjs.org/array.prototype.findlast 235ms (cache revalidated)
npm http fetch GET 200 https://registry.npmjs.org/array.prototype.tosorted 219ms (cache revalidated)
npm http fetch GET 200 https://registry.npmjs.org/string.prototype.includes 301ms (cache revalidated)
npm http fetch GET 200 https://registry.npmjs.org/es-iterator-helpers 335ms (cache revalidated)
npm http fetch GET 200 https://registry.npmjs.org/prop-types 337ms (cache revalidated)
npm http fetch GET 200 https://registry.npmjs.org/object.entries 369ms (cache revalidated)
npm http fetch GET 200 https://registry.npmjs.org/string.prototype.matchall 738ms (cache revalidated)
npm http fetch GET 200 https://registry.npmjs.org/string.prototype.repeat 726ms (cache revalidated)
npm http fetch GET 200 https://registry.npmjs.org/jackspeak 296ms (cache revalidated)
npm http fetch GET 200 https://registry.npmjs.org/path-scurry 299ms (cache revalidated)
npm http fetch GET 200 https://registry.npmjs.org/foreground-child 225ms (cache revalidated)
npm http fetch GET 200 https://registry.npmjs.org/minipass 609ms (cache revalidated)
npm http fetch GET 200 https://registry.npmjs.org/globby 328ms (cache revalidated)
npm http fetch GET 200 https://registry.npmjs.org/ts-api-utils 536ms (cache revalidated)
npm http cache https://registry.npmjs.org/typescript 396ms (cache hit)
npm http fetch GET 200 https://registry.npmjs.org/slash 632ms (cache revalidated)
npm http fetch GET 200 https://registry.npmjs.org/merge2 766ms (cache revalidated)
npm http fetch GET 200 https://registry.npmjs.org/dir-glob 1016ms (cache revalidated)
npm http fetch GET 200 https://registry.npmjs.org/array-union 550ms (cache revalidated)
npm http fetch GET 200 https://registry.npmjs.org/node-exports-info 284ms (cache revalidated)
npm http fetch GET 200 https://registry.npmjs.org/es-errors 384ms (cache revalidated)
npm http fetch GET 200 https://registry.npmjs.org/object-keys 395ms (cache revalidated)
npm http fetch GET 200 https://registry.npmjs.org/path-parse 255ms (cache revalidated)
npm http fetch GET 200 https://registry.npmjs.org/supports-preserve-symlinks-flag 203ms (cache revalidated)
npm http fetch GET 200 https://registry.npmjs.org/resolve-pkg-maps 1193ms (cache revalidated)
npm http fetch GET 200 https://registry.npmjs.org/picomatch 1202ms (cache revalidated)
npm http fetch GET 200 https://registry.npmjs.org/fdir 1326ms (cache revalidated)
npm http fetch GET 200 https://registry.npmjs.org/napi-postinstall 257ms (cache revalidated)
npm http fetch GET 200 https://registry.npmjs.org/@unrs%2fresolver-binding-win32-x64-msvc 267ms (cache revalidated)
npm http fetch GET 200 https://registry.npmjs.org/@unrs%2fresolver-binding-win32-ia32-msvc 269ms (cache revalidated)
npm http fetch GET 200 https://registry.npmjs.org/@unrs%2fresolver-binding-win32-arm64-msvc 438ms (cache revalidated)
npm http fetch GET 200 https://registry.npmjs.org/@unrs%2fresolver-binding-linux-x64-gnu 494ms (cache revalidated)
npm http fetch GET 200 https://registry.npmjs.org/@unrs%2fresolver-binding-linux-x64-musl 297ms (cache revalidated)
npm http fetch GET 200 https://registry.npmjs.org/@unrs%2fresolver-binding-freebsd-x64 335ms (cache revalidated)
npm http fetch GET 200 https://registry.npmjs.org/@unrs%2fresolver-binding-linux-arm64-gnu 274ms (cache revalidated)
npm http fetch GET 200 https://registry.npmjs.org/@unrs%2fresolver-binding-android-arm64 598ms (cache revalidated)
npm http fetch GET 200 https://registry.npmjs.org/@unrs%2fresolver-binding-android-arm-eabi 270ms (cache revalidated)
npm http fetch GET 200 https://registry.npmjs.org/@unrs%2fresolver-binding-linux-arm64-musl 487ms (cache revalidated)
npm http fetch GET 200 https://registry.npmjs.org/@unrs%2fresolver-binding-linux-arm-gnueabihf 308ms (cache revalidated)
npm http fetch GET 200 https://registry.npmjs.org/@unrs%2fresolver-binding-linux-arm-musleabihf 375ms (cache revalidated)
npm http fetch GET 200 https://registry.npmjs.org/@unrs%2fresolver-binding-linux-ppc64-gnu 448ms (cache revalidated)
npm http fetch GET 200 https://registry.npmjs.org/@unrs%2fresolver-binding-linux-riscv64-musl 252ms (cache revalidated)
npm http fetch GET 200 https://registry.npmjs.org/@unrs%2fresolver-binding-linux-riscv64-gnu 432ms (cache revalidated)
npm http fetch GET 200 https://registry.npmjs.org/@unrs%2fresolver-binding-linux-s390x-gnu 297ms (cache revalidated)
npm http fetch GET 200 https://registry.npmjs.org/@unrs%2fresolver-binding-darwin-x64 273ms (cache revalidated)
npm http fetch GET 200 https://registry.npmjs.org/@unrs%2fresolver-binding-darwin-arm64 649ms (cache revalidated)
npm http fetch GET 200 https://registry.npmjs.org/@unrs%2fresolver-binding-wasm32-wasi 826ms (cache revalidated)
npm http fetch GET 200 https://registry.npmjs.org/define-properties 297ms (cache revalidated)
npm http fetch GET 200 https://registry.npmjs.org/call-bind 331ms (cache revalidated)
npm http fetch GET 200 https://registry.npmjs.org/call-bound 590ms (cache revalidated)
npm http fetch GET 200 https://registry.npmjs.org/es-object-atoms 300ms (cache revalidated)
npm http fetch GET 200 https://registry.npmjs.org/get-intrinsic 246ms (cache revalidated)
npm http fetch GET 200 https://registry.npmjs.org/es-abstract 551ms (cache revalidated)
npm http fetch GET 200 https://registry.npmjs.org/is-string 260ms (cache revalidated)
npm http fetch GET 200 https://registry.npmjs.org/math-intrinsics 261ms (cache revalidated)
npm http fetch GET 200 https://registry.npmjs.org/es-shim-unscopables 238ms (cache revalidated)
npm http fetch GET 200 https://registry.npmjs.org/es-shim-unscopables 222ms (cache revalidated)
npm http cache https://registry.npmjs.org/es-shim-unscopables 86ms (cache hit)
npm http fetch GET 200 https://registry.npmjs.org/function-bind 223ms (cache revalidated)
npm http fetch GET 200 https://registry.npmjs.org/json5 231ms (cache revalidated)
npm http fetch GET 200 https://registry.npmjs.org/minimist 345ms (cache revalidated)
npm http fetch GET 200 https://registry.npmjs.org/strip-bom 265ms (cache revalidated)
npm http fetch GET 200 https://registry.npmjs.org/@types%2fjson5 552ms (cache revalidated)
npm http fetch GET 200 https://registry.npmjs.org/call-bind-apply-helpers 221ms (cache revalidated)
npm http fetch GET 200 https://registry.npmjs.org/es-define-property 246ms (cache revalidated)
npm http fetch GET 200 https://registry.npmjs.org/set-function-length 249ms (cache revalidated)
npm http fetch GET 200 https://registry.npmjs.org/define-data-property 392ms (cache revalidated)
npm http fetch GET 200 https://registry.npmjs.org/has-property-descriptors 535ms (cache revalidated)
npm http fetch GET 200 https://registry.npmjs.org/array-buffer-byte-length 555ms (cache revalidated)
npm http fetch GET 200 https://registry.npmjs.org/available-typed-arrays 382ms (cache revalidated)
npm http fetch GET 200 https://registry.npmjs.org/data-view-buffer 379ms (cache revalidated)
npm http fetch GET 200 https://registry.npmjs.org/data-view-byte-length 187ms (cache revalidated)
npm http fetch GET 200 https://registry.npmjs.org/arraybuffer.prototype.slice 822ms (cache revalidated)
npm http fetch GET 200 https://registry.npmjs.org/data-view-byte-offset 286ms (cache revalidated)
npm http fetch GET 200 https://registry.npmjs.org/es-set-tostringtag 167ms (cache revalidated)
npm http fetch GET 200 https://registry.npmjs.org/es-to-primitive 152ms (cache revalidated)
npm http fetch GET 200 https://registry.npmjs.org/function.prototype.name 182ms (cache revalidated)
npm http fetch GET 200 https://registry.npmjs.org/get-proto 224ms (cache revalidated)
npm http fetch GET 200 https://registry.npmjs.org/get-symbol-description 232ms (cache revalidated)
npm http fetch GET 200 https://registry.npmjs.org/globalthis 174ms (cache revalidated)
npm http fetch GET 200 https://registry.npmjs.org/gopd 194ms (cache revalidated)
npm http fetch GET 200 https://registry.npmjs.org/has-proto 175ms (cache revalidated)
npm http fetch GET 200 https://registry.npmjs.org/has-symbols 183ms (cache revalidated)
npm http fetch GET 200 https://registry.npmjs.org/internal-slot 184ms (cache revalidated)
npm http fetch GET 200 https://registry.npmjs.org/is-array-buffer 236ms (cache revalidated)
npm http fetch GET 200 https://registry.npmjs.org/is-callable 247ms (cache revalidated)
npm http fetch GET 200 https://registry.npmjs.org/is-data-view 233ms (cache revalidated)
npm http fetch GET 200 https://registry.npmjs.org/is-negative-zero 320ms (cache revalidated)
npm http fetch GET 200 https://registry.npmjs.org/is-regex 380ms (cache revalidated)
npm http fetch GET 200 https://registry.npmjs.org/is-set 309ms (cache revalidated)
npm http fetch GET 200 https://registry.npmjs.org/is-shared-array-buffer 334ms (cache revalidated)
npm http fetch GET 200 https://registry.npmjs.org/is-weakref 260ms (cache revalidated)
npm http fetch GET 200 https://registry.npmjs.org/is-typed-array 325ms (cache revalidated)
npm http fetch GET 200 https://registry.npmjs.org/object-inspect 176ms (cache revalidated)
npm http fetch GET 200 https://registry.npmjs.org/object.assign 161ms (cache revalidated)
npm http fetch GET 200 https://registry.npmjs.org/regexp.prototype.flags 230ms (cache revalidated)
npm http fetch GET 200 https://registry.npmjs.org/safe-array-concat 218ms (cache revalidated)
npm http fetch GET 200 https://registry.npmjs.org/safe-push-apply 174ms (cache revalidated)
npm http fetch GET 200 https://registry.npmjs.org/set-proto 197ms (cache revalidated)
npm http fetch GET 200 https://registry.npmjs.org/own-keys 587ms (cache revalidated)
npm http fetch GET 200 https://registry.npmjs.org/string.prototype.trim 176ms (cache revalidated)
npm http fetch GET 200 https://registry.npmjs.org/string.prototype.trimstart 295ms (cache revalidated)
npm http fetch GET 200 https://registry.npmjs.org/typed-array-buffer 170ms (cache revalidated)
npm http fetch GET 200 https://registry.npmjs.org/stop-iteration-iterator 471ms (cache revalidated)
npm http fetch GET 200 https://registry.npmjs.org/typed-array-byte-offset 176ms (cache revalidated)
npm http fetch GET 200 https://registry.npmjs.org/typed-array-byte-length 280ms (cache revalidated)
npm http fetch GET 200 https://registry.npmjs.org/typed-array-length 201ms (cache revalidated)
npm http fetch GET 200 https://registry.npmjs.org/which-typed-array 183ms (cache revalidated)
npm http fetch GET 200 https://registry.npmjs.org/has-tostringtag 171ms (cache revalidated)
npm http fetch GET 200 https://registry.npmjs.org/unbox-primitive 481ms (cache revalidated)
npm http fetch GET 200 https://registry.npmjs.org/is-date-object 194ms (cache revalidated)
npm http fetch GET 200 https://registry.npmjs.org/possible-typed-array-names 258ms (cache revalidated)
npm http fetch GET 200 https://registry.npmjs.org/is-symbol 258ms (cache revalidated)
npm http fetch GET 200 https://registry.npmjs.org/functions-have-names 324ms (cache revalidated)
npm http fetch GET 200 https://registry.npmjs.org/dunder-proto 269ms (cache revalidated)
npm http fetch GET 200 https://registry.npmjs.org/dunder-proto 294ms (cache revalidated)
npm http fetch GET 200 https://registry.npmjs.org/side-channel 256ms (cache revalidated)
npm http fetch GET 200 https://registry.npmjs.org/isarray 259ms (cache revalidated)
npm http fetch GET 200 https://registry.npmjs.org/set-function-name 278ms (cache revalidated)
npm http fetch GET 200 https://registry.npmjs.org/isarray 241ms (cache revalidated)
npm http fetch GET 200 https://registry.npmjs.org/for-each 233ms (cache revalidated)
npm http fetch GET 200 https://registry.npmjs.org/for-each 263ms (cache revalidated)
npm http fetch GET 200 https://registry.npmjs.org/reflect.getprototypeof 337ms (cache revalidated)
npm http fetch GET 200 https://registry.npmjs.org/reflect.getprototypeof 318ms (cache revalidated)
npm http fetch GET 200 https://registry.npmjs.org/has-bigints 311ms (cache revalidated)
npm http fetch GET 200 https://registry.npmjs.org/which-boxed-primitive 203ms (cache revalidated)
npm http fetch GET 200 https://registry.npmjs.org/language-subtag-registry 413ms (cache revalidated)
npm http fetch GET 200 https://registry.npmjs.org/object-assign 174ms (cache revalidated)
npm http fetch GET 200 https://registry.npmjs.org/react-is 303ms (cache revalidated)
npm http fetch GET 200 https://registry.npmjs.org/iterator.prototype 582ms (cache revalidated)
npm http fetch GET 200 https://registry.npmjs.org/rimraf 296ms (cache revalidated)
npm http fetch GET 200 https://registry.npmjs.org/keyv 319ms (cache revalidated)
npm http fetch GET 200 https://registry.npmjs.org/flatted 334ms (cache revalidated)
npm http fetch GET 200 https://registry.npmjs.org/p-locate 194ms (cache revalidated)
npm http fetch GET 200 https://registry.npmjs.org/json-buffer 250ms (cache revalidated)
npm http fetch GET 200 https://registry.npmjs.org/asap 189ms (cache revalidated)
npm http fetch GET 200 https://registry.npmjs.org/wrappy 205ms (cache revalidated)
npm http fetch GET 200 https://registry.npmjs.org/wrappy 163ms (cache revalidated)
npm http fetch GET 200 https://registry.npmjs.org/@noble%2fhashes 1536ms (cache revalidated)
npm http fetch GET 200 https://registry.npmjs.org/@isaacs%2fcliui 470ms (cache revalidated)
npm http fetch GET 200 https://registry.npmjs.org/signal-exit 542ms (cache revalidated)
npm http fetch GET 200 https://registry.npmjs.org/lru-cache 204ms (cache revalidated)
npm http fetch GET 200 https://registry.npmjs.org/@pkgjs%2fparseargs 740ms (cache revalidated)
npm http fetch GET 200 https://registry.npmjs.org/path-type 510ms (cache revalidated)
npm http fetch GET 200 https://registry.npmjs.org/braces 542ms (cache revalidated)
npm http fetch GET 200 https://registry.npmjs.org/callsites 150ms (cache revalidated)
npm http fetch GET 200 https://registry.npmjs.org/side-channel-list 170ms (cache revalidated)
npm http fetch GET 200 https://registry.npmjs.org/side-channel-map 180ms (cache revalidated)
npm http fetch GET 200 https://registry.npmjs.org/side-channel-weakmap 192ms (cache revalidated)
npm http fetch GET 200 https://registry.npmjs.org/string-width 199ms (cache revalidated)
npm http fetch GET 200 https://registry.npmjs.org/wrap-ansi 219ms (cache revalidated)
npm http fetch GET 200 https://registry.npmjs.org/wrap-ansi 236ms (cache revalidated)
npm http fetch GET 200 https://registry.npmjs.org/eastasianwidth 166ms (cache revalidated)
npm http fetch GET 200 https://registry.npmjs.org/is-fullwidth-code-point 460ms (cache revalidated)
npm http fetch GET 200 https://registry.npmjs.org/p-limit 160ms (cache revalidated)
npm http fetch GET 200 https://registry.npmjs.org/fill-range 235ms (cache revalidated)
npm http fetch GET 200 https://registry.npmjs.org/to-regex-range 192ms (cache revalidated)
npm http fetch GET 200 https://registry.npmjs.org/is-number 454ms (cache revalidated)
npm http fetch GET 200 https://registry.npmjs.org/balanced-match 155ms (cache revalidated)
npm http fetch GET 200 https://registry.npmjs.org/concat-map 182ms (cache revalidated)
npm http fetch GET 200 https://registry.npmjs.org/sparse-bitfield 632ms (cache revalidated)
npm http fetch GET 200 https://registry.npmjs.org/whatwg-url 638ms (cache revalidated)
npm http fetch GET 200 https://registry.npmjs.org/@types%2fwhatwg-url 928ms (cache revalidated)
npm http fetch GET 200 https://registry.npmjs.org/memory-pager 934ms (cache revalidated)
npm http fetch GET 200 https://registry.npmjs.org/tr46 269ms (cache revalidated)
npm http fetch GET 200 https://registry.npmjs.org/webidl-conversions 277ms (cache revalidated)
npm http fetch GET 200 https://registry.npmjs.org/@types%2fwebidl-conversions 922ms (cache revalidated)
npm http cache https://registry.npmjs.org/react 115ms (cache hit)
npm http fetch GET 200 https://registry.npmjs.org/streamsearch 518ms (cache revalidated)
npm http fetch GET 200 https://registry.npmjs.org/client-only 163ms (cache revalidated)
npm http fetch GET 200 https://registry.npmjs.org/tslib 874ms (cache revalidated)
npm http fetch GET 200 https://registry.npmjs.org/@swc%2fcounter 1055ms (cache revalidated)
npm http fetch GET 200 https://registry.npmjs.org/yocto-queue 143ms (cache revalidated)
npm http fetch GET 200 https://registry.npmjs.org/js-tokens 175ms (cache revalidated)
npm http fetch GET 200 https://registry.npmjs.org/fs.realpath 166ms (cache revalidated)
npm http fetch GET 200 https://registry.npmjs.org/inherits 199ms (cache revalidated)
npm http fetch GET 200 https://registry.npmjs.org/path-is-absolute 217ms (cache revalidated)
npm http fetch GET 200 https://registry.npmjs.org/inflight 484ms (cache revalidated)
npm http fetch GET 200 https://registry.npmjs.org/tsx 574ms (cache updated)
npm http fetch GET 200 https://registry.npmjs.org/yaml 907ms (cache revalidated)
npm http fetch GET 200 https://registry.npmjs.org/readdirp 154ms (cache revalidated)
npm http fetch GET 200 https://registry.npmjs.org/anymatch 184ms (cache revalidated)
npm http fetch GET 200 https://registry.npmjs.org/is-binary-path 199ms (cache revalidated)
npm http fetch GET 200 https://registry.npmjs.org/fsevents 189ms (cache revalidated)
npm http fetch GET 200 https://registry.npmjs.org/read-cache 517ms (cache revalidated)
npm http fetch GET 200 https://registry.npmjs.org/camelcase-css 507ms (cache revalidated)
npm http fetch GET 200 https://registry.npmjs.org/cssesc 461ms (cache revalidated)
npm http fetch GET 200 https://registry.npmjs.org/util-deprecate 187ms (cache revalidated)
npm http fetch GET 200 https://registry.npmjs.org/@jridgewell%2fgen-mapping 212ms (cache revalidated)
npm http fetch GET 200 https://registry.npmjs.org/commander 181ms (cache revalidated)
npm http fetch GET 200 https://registry.npmjs.org/lines-and-columns 288ms (cache revalidated)
npm http fetch GET 200 https://registry.npmjs.org/mz 281ms (cache revalidated)
npm http fetch GET 200 https://registry.npmjs.org/pirates 204ms (cache revalidated)
npm http fetch GET 200 https://registry.npmjs.org/ts-interface-checker 171ms (cache revalidated)
npm http fetch GET 200 https://registry.npmjs.org/binary-extensions 514ms (cache revalidated)
npm http fetch GET 200 https://registry.npmjs.org/pify 698ms (cache revalidated)
npm http fetch GET 200 https://registry.npmjs.org/any-promise 257ms (cache revalidated)
npm http fetch GET 200 https://registry.npmjs.org/@jridgewell%2fsourcemap-codec 270ms (cache revalidated)
npm http fetch GET 200 https://registry.npmjs.org/@jridgewell%2ftrace-mapping 423ms (cache revalidated)
npm http fetch GET 200 https://registry.npmjs.org/thenify-all 201ms (cache revalidated)
npm http fetch GET 200 https://registry.npmjs.org/@jridgewell%2fresolve-uri 319ms (cache revalidated)
npm http fetch GET 200 https://registry.npmjs.org/thenify 257ms (cache revalidated)
npm http fetch GET 200 https://registry.npmjs.org/which-builtin-type 155ms (cache revalidated)
npm http fetch GET 200 https://registry.npmjs.org/is-async-function 268ms (cache revalidated)
npm http fetch GET 200 https://registry.npmjs.org/is-finalizationregistry 302ms (cache revalidated)
npm http fetch GET 200 https://registry.npmjs.org/is-generator-function 313ms (cache revalidated)
npm http fetch GET 200 https://registry.npmjs.org/which-collection 211ms (cache revalidated)
npm http fetch GET 200 https://registry.npmjs.org/is-bigint 230ms (cache revalidated)
npm http fetch GET 200 https://registry.npmjs.org/is-boolean-object 249ms (cache revalidated)
npm http fetch GET 200 https://registry.npmjs.org/is-number-object 253ms (cache revalidated)
npm http fetch GET 200 https://registry.npmjs.org/@napi-rs%2fwasm-runtime 233ms (cache revalidated)
npm http fetch GET 200 https://registry.npmjs.org/@emnapi%2fcore 222ms (cache revalidated)
npm http fetch GET 200 https://registry.npmjs.org/@tybys%2fwasm-util 246ms (cache revalidated)
npm http fetch GET 200 https://registry.npmjs.org/@emnapi%2fruntime 540ms (cache revalidated)
npm http fetch GET 200 https://registry.npmjs.org/@emnapi%2fwasi-threads 220ms (cache revalidated)
npm http fetch GET 200 https://registry.npmjs.org/generator-function 198ms (cache revalidated)
npm http fetch GET 200 https://registry.npmjs.org/is-map 209ms (cache revalidated)
npm http fetch GET 200 https://registry.npmjs.org/async-function 244ms (cache revalidated)
npm http fetch GET 200 https://registry.npmjs.org/is-weakset 200ms (cache revalidated)
npm http fetch GET 200 https://registry.npmjs.org/is-weakmap 229ms (cache revalidated)
npm verbose type range
npm verbose stack next-auth: No matching version found for next-auth@^4.28.0.
npm verbose stack     at module.exports (C:\Users\LENOVO\kenya-civic-app\node-portable\node-v24.15.0-win-x64\node_modules\npm\node_modules\npm-pick-manifest\lib\index.js:210:23)
npm verbose stack     at RegistryFetcher.manifest (C:\Users\LENOVO\kenya-civic-app\node-portable\node-v24.15.0-win-x64\node_modules\npm\node_modules\pacote\lib\registry.js:130:54)
npm verbose stack     at async #fetchManifest (C:\Users\LENOVO\kenya-civic-app\node-portable\node-v24.15.0-win-x64\node_modules\npm\node_modules\@npmcli\arborist\lib\arborist\build-ideal-tree.js:1227:20)
npm verbose stack     at async #nodeFromEdge (C:\Users\LENOVO\kenya-civic-app\node-portable\node-v24.15.0-win-x64\node_modules\npm\node_modules\@npmcli\arborist\lib\arborist\build-ideal-tree.js:1061:19)
npm verbose stack     at async #buildDepStep (C:\Users\LENOVO\kenya-civic-app\node-portable\node-v24.15.0-win-x64\node_modules\npm\node_modules\@npmcli\arborist\lib\arborist\build-ideal-tree.js:917:11)
npm verbose stack     at async Arborist.buildIdealTree (C:\Users\LENOVO\kenya-civic-app\node-portable\node-v24.15.0-win-x64\node_modules\npm\node_modules\@npmcli\arborist\lib\arborist\build-ideal-tree.js:170:7)
npm verbose stack     at async Promise.all (index 1)
npm verbose stack     at async Arborist.reify (C:\Users\LENOVO\kenya-civic-app\node-portable\node-v24.15.0-win-x64\node_modules\npm\node_modules\@npmcli\arborist\lib\arborist\reify.js:111:5)
npm verbose stack     at async Install.exec (C:\Users\LENOVO\kenya-civic-app\node-portable\node-v24.15.0-win-x64\node_modules\npm\lib\commands\install.js:146:5)
npm verbose stack     at async Npm.exec (C:\Users\LENOVO\kenya-civic-app\node-portable\node-v24.15.0-win-x64\node_modules\npm\lib\npm.js:193:9)
npm error code ETARGET
npm error notarget No matching version found for next-auth@^4.28.0.
npm error notarget In most cases you or one of your dependencies are requesting a package version that doesn't exist.
npm verbose cwd C:\Users\LENOVO\kenya-civic-app
npm verbose os Windows_NT 10.0.22621
npm verbose node v24.15.0
npm verbose npm  v11.12.1
npm verbose exit 1
npm verbose code 1
npm error A complete log of this run can be found in: C:\Users\LENOVO\AppData\Local\npm-cache\_logs\2026-05-16T04_08_36_381Z-debug-0.log
